# JRE version: OpenJDK Runtime Environment Temurin-17.0.13+11 (17.0.13+11) (build 17.0.13+11)
# Java VM: OpenJDK 64-Bit Server VM Temurin-17.0.13+11 (17.0.13+11, mixed mode, tiered, compressed oops, compressed class ptrs, parallel gc, windows-amd64)
GC Precious Log:
 CPUs: 6 total, 6 available
 Memory: 8125M
 Large Page Support: Disabled
 NUMA Support: Disabled
 Compressed Oops: Enabled (32-bit)
 Alignments: Space 512K, Generation 512K, Heap 2M
 Heap Min Capacity: 100M
 Heap Initial Capacity: 100M
 Heap Max Capacity: 1G
 Pre-touch: Disabled
 Parallel Workers: 6
Heap:
 PSYoungGen      total 9728K, used 4944K [0x00000000eab00000, 0x00000000eb700000, 0x0000000100000000)
  eden space 7168K, 38% used [0x00000000eab00000,0x00000000eadb4088,0x00000000eb200000)
  from space 2560K, 85% used [0x00000000eb480000,0x00000000eb6a00a0,0x00000000eb700000)
  to   space 2560K, 0% used [0x00000000eb200000,0x00000000eb200000,0x00000000eb480000)
 ParOldGen       total 431104K, used 390721K [0x00000000c0000000, 0x00000000da500000, 0x00000000eab00000)
  object space 431104K, 90% used [0x00000000c0000000,0x00000000d7d90650,0x00000000da500000)
 Metaspace       used 77061K, committed 78400K, reserved 1179648K
  class space    used 8046K, committed 8640K, reserved 1048576K
GC Heap History (20 events):
Event: 354.359 GC heap before
{Heap before GC invocations=257 (full 15):
 PSYoungGen      total 9728K, used 9680K [0x00000000eab00000, 0x00000000eb880000, 0x0000000100000000)
  eden space 7680K, 100% used [0x00000000eab00000,0x00000000eb280000,0x00000000eb280000)
  from space 2048K, 97% used [0x00000000eb680000,0x00000000eb8740f0,0x00000000eb880000)
  to   space 2560K, 0% used [0x00000000eb380000,0x00000000eb380000,0x00000000eb600000)
 ParOldGen       total 431104K, used 389130K [0x00000000c0000000, 0x00000000da500000, 0x00000000eab00000)
  object space 431104K, 90% used [0x00000000c0000000,0x00000000d7c02978,0x00000000da500000)
 Metaspace       used 75829K, committed 77120K, reserved 1179648K
  class space    used 7990K, committed 8576K, reserved 1048576K
}
Event: 354.361 GC heap after
{Heap after GC invocations=257 (full 15):
 PSYoungGen      total 8704K, used 864K [0x00000000eab00000, 0x00000000eb700000, 0x0000000100000000)
  eden space 7680K, 0% used [0x00000000eab00000,0x00000000eab00000,0x00000000eb280000)
  from space 1024K, 84% used [0x00000000eb380000,0x00000000eb458040,0x00000000eb480000)
  to   space 1536K, 0% used [0x00000000eb580000,0x00000000eb580000,0x00000000eb700000)
 ParOldGen       total 431104K, used 389130K [0x00000000c0000000, 0x00000000da500000, 0x00000000eab00000)
  object space 431104K, 90% used [0x00000000c0000000,0x00000000d7c02978,0x00000000da500000)
 Metaspace       used 75829K, committed 77120K, reserved 1179648K
  class space    used 7990K, committed 8576K, reserved 1048576K
}
Event: 355.918 GC heap before
{Heap before GC invocations=258 (full 15):
 PSYoungGen      total 8704K, used 8534K [0x00000000eab00000, 0x00000000eb700000, 0x0000000100000000)
  eden space 7680K, 99% used [0x00000000eab00000,0x00000000eb27d998,0x00000000eb280000)
  from space 1024K, 84% used [0x00000000eb380000,0x00000000eb458040,0x00000000eb480000)
  to   space 1536K, 0% used [0x00000000eb580000,0x00000000eb580000,0x00000000eb700000)
 ParOldGen       total 431104K, used 389130K [0x00000000c0000000, 0x00000000da500000, 0x00000000eab00000)
  object space 431104K, 90% used [0x00000000c0000000,0x00000000d7c02978,0x00000000da500000)
 Metaspace       used 76195K, committed 77440K, reserved 1179648K
  class space    used 8035K, committed 8576K, reserved 1048576K
}
Event: 355.921 GC heap after
{Heap after GC invocations=258 (full 15):
 PSYoungGen      total 9216K, used 1296K [0x00000000eab00000, 0x00000000eb700000, 0x0000000100000000)
  eden space 7680K, 0% used [0x00000000eab00000,0x00000000eab00000,0x00000000eb280000)
  from space 1536K, 84% used [0x00000000eb580000,0x00000000eb6c4080,0x00000000eb700000)
  to   space 1536K, 0% used [0x00000000eb400000,0x00000000eb400000,0x00000000eb580000)
 ParOldGen       total 431104K, used 389138K [0x00000000c0000000, 0x00000000da500000, 0x00000000eab00000)
  object space 431104K, 90% used [0x00000000c0000000,0x00000000d7c04978,0x00000000da500000)
 Metaspace       used 76195K, committed 77440K, reserved 1179648K
  class space    used 8035K, committed 8576K, reserved 1048576K
}
Event: 358.790 GC heap before
{Heap before GC invocations=259 (full 15):
 PSYoungGen      total 9216K, used 8976K [0x00000000eab00000, 0x00000000eb700000, 0x0000000100000000)
  eden space 7680K, 100% used [0x00000000eab00000,0x00000000eb280000,0x00000000eb280000)
  from space 1536K, 84% used [0x00000000eb580000,0x00000000eb6c4080,0x00000000eb700000)
  to   space 1536K, 0% used [0x00000000eb400000,0x00000000eb400000,0x00000000eb580000)
 ParOldGen       total 431104K, used 389138K [0x00000000c0000000, 0x00000000da500000, 0x00000000eab00000)
  object space 431104K, 90% used [0x00000000c0000000,0x00000000d7c04978,0x00000000da500000)
 Metaspace       used 76519K, committed 77888K, reserved 1179648K
  class space    used 8045K, committed 8640K, reserved 1048576K
}
Event: 358.792 GC heap after
{Heap after GC invocations=259 (full 15):
 PSYoungGen      total 9216K, used 1504K [0x00000000eab00000, 0x00000000eb680000, 0x0000000100000000)
  eden space 7680K, 0% used [0x00000000eab00000,0x00000000eab00000,0x00000000eb280000)
  from space 1536K, 97% used [0x00000000eb400000,0x00000000eb578070,0x00000000eb580000)
  to   space 1024K, 0% used [0x00000000eb580000,0x00000000eb580000,0x00000000eb680000)
 ParOldGen       total 431104K, used 389327K [0x00000000c0000000, 0x00000000da500000, 0x00000000eab00000)
  object space 431104K, 90% used [0x00000000c0000000,0x00000000d7c33ce0,0x00000000da500000)
 Metaspace       used 76519K, committed 77888K, reserved 1179648K
  class space    used 8045K, committed 8640K, reserved 1048576K
}
Event: 358.980 GC heap before
{Heap before GC invocations=260 (full 15):
 PSYoungGen      total 9216K, used 9184K [0x00000000eab00000, 0x00000000eb680000, 0x0000000100000000)
  eden space 7680K, 100% used [0x00000000eab00000,0x00000000eb280000,0x00000000eb280000)
  from space 1536K, 97% used [0x00000000eb400000,0x00000000eb578070,0x00000000eb580000)
  to   space 1024K, 0% used [0x00000000eb580000,0x00000000eb580000,0x00000000eb680000)
 ParOldGen       total 431104K, used 389327K [0x00000000c0000000, 0x00000000da500000, 0x00000000eab00000)
  object space 431104K, 90% used [0x00000000c0000000,0x00000000d7c33ce0,0x00000000da500000)
 Metaspace       used 76565K, committed 77888K, reserved 1179648K
  class space    used 8045K, committed 8640K, reserved 1048576K
}
Event: 358.983 GC heap after
{Heap after GC invocations=260 (full 15):
 PSYoungGen      total 8704K, used 992K [0x00000000eab00000, 0x00000000eb680000, 0x0000000100000000)
  eden space 7680K, 0% used [0x00000000eab00000,0x00000000eab00000,0x00000000eb280000)
  from space 1024K, 96% used [0x00000000eb580000,0x00000000eb678040,0x00000000eb680000)
  to   space 2048K, 0% used [0x00000000eb280000,0x00000000eb280000,0x00000000eb480000)
 ParOldGen       total 431104K, used 390105K [0x00000000c0000000, 0x00000000da500000, 0x00000000eab00000)
  object space 431104K, 90% used [0x00000000c0000000,0x00000000d7cf6630,0x00000000da500000)
 Metaspace       used 76565K, committed 77888K, reserved 1179648K
  class space    used 8045K, committed 8640K, reserved 1048576K
}
Event: 359.854 GC heap before
{Heap before GC invocations=261 (full 15):
 PSYoungGen      total 8704K, used 8672K [0x00000000eab00000, 0x00000000eb680000, 0x0000000100000000)
  eden space 7680K, 100% used [0x00000000eab00000,0x00000000eb280000,0x00000000eb280000)
  from space 1024K, 96% used [0x00000000eb580000,0x00000000eb678040,0x00000000eb680000)
  to   space 2048K, 0% used [0x00000000eb280000,0x00000000eb280000,0x00000000eb480000)
 ParOldGen       total 431104K, used 390105K [0x00000000c0000000, 0x00000000da500000, 0x00000000eab00000)
  object space 431104K, 90% used [0x00000000c0000000,0x00000000d7cf6630,0x00000000da500000)
 Metaspace       used 76696K, committed 78016K, reserved 1179648K
  class space    used 8046K, committed 8640K, reserved 1048576K
}
Event: 359.856 GC heap after
{Heap after GC invocations=261 (full 15):
 PSYoungGen      total 9728K, used 1344K [0x00000000eab00000, 0x00000000eb600000, 0x0000000100000000)
  eden space 7680K, 0% used [0x00000000eab00000,0x00000000eab00000,0x00000000eb280000)
  from space 2048K, 65% used [0x00000000eb280000,0x00000000eb3d0060,0x00000000eb480000)
  to   space 1536K, 0% used [0x00000000eb480000,0x00000000eb480000,0x00000000eb600000)
 ParOldGen       total 431104K, used 390233K [0x00000000c0000000, 0x00000000da500000, 0x00000000eab00000)
  object space 431104K, 90% used [0x00000000c0000000,0x00000000d7d16630,0x00000000da500000)
 Metaspace       used 76696K, committed 78016K, reserved 1179648K
  class space    used 8046K, committed 8640K, reserved 1048576K
}
Event: 367.777 GC heap before
{Heap before GC invocations=262 (full 15):
 PSYoungGen      total 9728K, used 9024K [0x00000000eab00000, 0x00000000eb600000, 0x0000000100000000)
  eden space 7680K, 100% used [0x00000000eab00000,0x00000000eb280000,0x00000000eb280000)
  from space 2048K, 65% used [0x00000000eb280000,0x00000000eb3d0060,0x00000000eb480000)
  to   space 1536K, 0% used [0x00000000eb480000,0x00000000eb480000,0x00000000eb600000)
 ParOldGen       total 431104K, used 390233K [0x00000000c0000000, 0x00000000da500000, 0x00000000eab00000)
  object space 431104K, 90% used [0x00000000c0000000,0x00000000d7d16630,0x00000000da500000)
 Metaspace       used 76856K, committed 78208K, reserved 1179648K
  class space    used 8046K, committed 8640K, reserved 1048576K
}
Event: 367.778 GC heap after
{Heap after GC invocations=262 (full 15):
 PSYoungGen      total 9216K, used 1216K [0x00000000eab00000, 0x00000000eb600000, 0x0000000100000000)
  eden space 7680K, 0% used [0x00000000eab00000,0x00000000eab00000,0x00000000eb280000)
  from space 1536K, 79% used [0x00000000eb480000,0x00000000eb5b0040,0x00000000eb600000)
  to   space 1536K, 0% used [0x00000000eb300000,0x00000000eb300000,0x00000000eb480000)
 ParOldGen       total 431104K, used 390233K [0x00000000c0000000, 0x00000000da500000, 0x00000000eab00000)
  object space 431104K, 90% used [0x00000000c0000000,0x00000000d7d16630,0x00000000da500000)
 Metaspace       used 76856K, committed 78208K, reserved 1179648K
  class space    used 8046K, committed 8640K, reserved 1048576K
}
Event: 368.134 GC heap before
{Heap before GC invocations=263 (full 15):
 PSYoungGen      total 9216K, used 8896K [0x00000000eab00000, 0x00000000eb600000, 0x0000000100000000)
  eden space 7680K, 100% used [0x00000000eab00000,0x00000000eb280000,0x00000000eb280000)
  from space 1536K, 79% used [0x00000000eb480000,0x00000000eb5b0040,0x00000000eb600000)
  to   space 1536K, 0% used [0x00000000eb300000,0x00000000eb300000,0x00000000eb480000)
 ParOldGen       total 431104K, used 390233K [0x00000000c0000000, 0x00000000da500000, 0x00000000eab00000)
  object space 431104K, 90% used [0x00000000c0000000,0x00000000d7d16630,0x00000000da500000)
 Metaspace       used 76911K, committed 78272K, reserved 1179648K
  class space    used 8046K, committed 8640K, reserved 1048576K
}
Event: 368.137 GC heap after
{Heap after GC invocations=263 (full 15):
 PSYoungGen      total 9216K, used 1504K [0x00000000eab00000, 0x00000000eb680000, 0x0000000100000000)
  eden space 7680K, 0% used [0x00000000eab00000,0x00000000eab00000,0x00000000eb280000)
  from space 1536K, 97% used [0x00000000eb300000,0x00000000eb478040,0x00000000eb480000)
  to   space 2048K, 0% used [0x00000000eb480000,0x00000000eb480000,0x00000000eb680000)
 ParOldGen       total 431104K, used 390489K [0x00000000c0000000, 0x00000000da500000, 0x00000000eab00000)
  object space 431104K, 90% used [0x00000000c0000000,0x00000000d7d56650,0x00000000da500000)
 Metaspace       used 76911K, committed 78272K, reserved 1179648K
  class space    used 8046K, committed 8640K, reserved 1048576K
}
Event: 374.195 GC heap before
{Heap before GC invocations=264 (full 15):
 PSYoungGen      total 9216K, used 9184K [0x00000000eab00000, 0x00000000eb680000, 0x0000000100000000)
  eden space 7680K, 100% used [0x00000000eab00000,0x00000000eb280000,0x00000000eb280000)
  from space 1536K, 97% used [0x00000000eb300000,0x00000000eb478040,0x00000000eb480000)
  to   space 2048K, 0% used [0x00000000eb480000,0x00000000eb480000,0x00000000eb680000)
 ParOldGen       total 431104K, used 390489K [0x00000000c0000000, 0x00000000da500000, 0x00000000eab00000)
  object space 431104K, 90% used [0x00000000c0000000,0x00000000d7d56650,0x00000000da500000)
 Metaspace       used 76990K, committed 78336K, reserved 1179648K
  class space    used 8046K, committed 8640K, reserved 1048576K
}
Event: 374.199 GC heap after
{Heap after GC invocations=264 (full 15):
 PSYoungGen      total 9216K, used 2032K [0x00000000eab00000, 0x00000000eb780000, 0x0000000100000000)
  eden space 7168K, 0% used [0x00000000eab00000,0x00000000eab00000,0x00000000eb200000)
  from space 2048K, 99% used [0x00000000eb480000,0x00000000eb67c070,0x00000000eb680000)
  to   space 2560K, 0% used [0x00000000eb200000,0x00000000eb200000,0x00000000eb480000)
 ParOldGen       total 431104K, used 390641K [0x00000000c0000000, 0x00000000da500000, 0x00000000eab00000)
  object space 431104K, 90% used [0x00000000c0000000,0x00000000d7d7c650,0x00000000da500000)
 Metaspace       used 76990K, committed 78336K, reserved 1179648K
  class space    used 8046K, committed 8640K, reserved 1048576K
}
Event: 374.515 GC heap before
{Heap before GC invocations=265 (full 15):
 PSYoungGen      total 9216K, used 9200K [0x00000000eab00000, 0x00000000eb780000, 0x0000000100000000)
  eden space 7168K, 100% used [0x00000000eab00000,0x00000000eb200000,0x00000000eb200000)
  from space 2048K, 99% used [0x00000000eb480000,0x00000000eb67c070,0x00000000eb680000)
  to   space 2560K, 0% used [0x00000000eb200000,0x00000000eb200000,0x00000000eb480000)
 ParOldGen       total 431104K, used 390641K [0x00000000c0000000, 0x00000000da500000, 0x00000000eab00000)
  object space 431104K, 90% used [0x00000000c0000000,0x00000000d7d7c650,0x00000000da500000)
 Metaspace       used 77031K, committed 78400K, reserved 1179648K
  class space    used 8046K, committed 8640K, reserved 1048576K
}
Event: 374.517 GC heap after
{Heap after GC invocations=265 (full 15):
 PSYoungGen      total 9728K, used 2096K [0x00000000eab00000, 0x00000000eb700000, 0x0000000100000000)
  eden space 7168K, 0% used [0x00000000eab00000,0x00000000eab00000,0x00000000eb200000)
  from space 2560K, 81% used [0x00000000eb200000,0x00000000eb40c070,0x00000000eb480000)
  to   space 2560K, 0% used [0x00000000eb480000,0x00000000eb480000,0x00000000eb700000)
 ParOldGen       total 431104K, used 390713K [0x00000000c0000000, 0x00000000da500000, 0x00000000eab00000)
  object space 431104K, 90% used [0x00000000c0000000,0x00000000d7d8e650,0x00000000da500000)
 Metaspace       used 77031K, committed 78400K, reserved 1179648K
  class space    used 8046K, committed 8640K, reserved 1048576K
}
Event: 375.226 GC heap before
{Heap before GC invocations=266 (full 15):
 PSYoungGen      total 9728K, used 9264K [0x00000000eab00000, 0x00000000eb700000, 0x0000000100000000)
  eden space 7168K, 100% used [0x00000000eab00000,0x00000000eb200000,0x00000000eb200000)
  from space 2560K, 81% used [0x00000000eb200000,0x00000000eb40c070,0x00000000eb480000)
  to   space 2560K, 0% used [0x00000000eb480000,0x00000000eb480000,0x00000000eb700000)
 ParOldGen       total 431104K, used 390713K [0x00000000c0000000, 0x00000000da500000, 0x00000000eab00000)
  object space 431104K, 90% used [0x00000000c0000000,0x00000000d7d8e650,0x00000000da500000)
 Metaspace       used 77044K, committed 78400K, reserved 1179648K
  class space    used 8046K, committed 8640K, reserved 1048576K
}
Event: 375.230 GC heap after
{Heap after GC invocations=266 (full 15):
 PSYoungGen      total 9728K, used 2176K [0x00000000eab00000, 0x00000000eb700000, 0x0000000100000000)
  eden space 7168K, 0% used [0x00000000eab00000,0x00000000eab00000,0x00000000eb200000)
  from space 2560K, 85% used [0x00000000eb480000,0x00000000eb6a00a0,0x00000000eb700000)
  to   space 2560K, 0% used [0x00000000eb200000,0x00000000eb200000,0x00000000eb480000)
 ParOldGen       total 431104K, used 390721K [0x00000000c0000000, 0x00000000da500000, 0x00000000eab00000)
  object space 431104K, 90% used [0x00000000c0000000,0x00000000d7d90650,0x00000000da500000)
 Metaspace       used 77044K, committed 78400K, reserved 1179648K
  class space    used 8046K, committed 8640K, reserved 1048576K
}

